<?xml version="1.0" encoding="UTF-8"?>
<!-- Generated by org.testng.reporters.JUnitXMLReporter -->
<testsuite ignored="3" hostname="DESKTOP-T1JVNTF" failures="0" tests="4" name="Test_group" time="53.088" errors="0" timestamp="2023-12-15T23:53:26 IST">
  <testcase classname="testcases.Inventory_Page_Test" name="VerifyproductslabelTest" time="0.08"/>
  <testcase classname="testcases.Inventory_Page_Test" name="VerifytwitterlogoTest" time="0.24"/>
  <testcase classname="testcases.LoginPage_Test" name="VerifyTitleOfApplication" time="1.705"/>
  <testcase classname="testcases.LoginPage_Test" name="VerifyURLofApplication" time="0.14"/>
  <testcase classname="testcases.LoginPage_Test" name="logintoApplication" time="0.0">
    <ignored/>
  </testcase> <!-- logintoApplication -->
  <testcase classname="testcases.Inventory_Page_Test" name="Add6products" time="0.0">
    <ignored/>
  </testcase> <!-- Add6products -->
  <testcase classname="testcases.Inventory_Page_Test" name="Remove2products" time="0.0">
    <ignored/>
  </testcase> <!-- Remove2products -->
</testsuite> <!-- Test_group -->
