<?xml version="1.0" encoding="UTF-8"?>
<!-- Generated by org.testng.reporters.JUnitXMLReporter -->
<testsuite ignored="0" hostname="DESKTOP-T1JVNTF" failures="0" tests="4" name="Default test" time="97.88" errors="0" timestamp="2023-12-30T14:59:20 IST">
  <testcase classname="testcases.Inventory_Page_Test" name="Add6products" time="5.45"/>
  <testcase classname="testcases.Inventory_Page_Test" name="Remove2products" time="1.22"/>
  <testcase classname="testcases.Inventory_Page_Test" name="VerifyproductslabelTest" time="0.074"/>
  <testcase classname="testcases.Inventory_Page_Test" name="VerifytwitterlogoTest" time="0.316"/>
</testsuite> <!-- Default test -->
