<?xml version="1.0" encoding="UTF-8"?>
<testng-results ignored="0" total="4" passed="4" failed="0" skipped="0">
  <reporter-output>
    <line>
      <![CDATA[Total products added to cart=6]]>
    </line>
    <line>
      <![CDATA[Products removed from count=4]]>
    </line>
    <line>
      <![CDATA[Label of Inventory page =Products]]>
    </line>
    <line>
      <![CDATA[Visibility of twitter logo=true]]>
    </line>
    <line>
      <![CDATA[Visibility of facebook logo=true]]>
    </line>
    <line>
      <![CDATA[Visibility of LinkedInlogologo=true]]>
    </line>
  </reporter-output>
  <suite started-at="2023-12-30T14:57:42 IST" name="Default suite" finished-at="2023-12-30T14:59:20 IST" duration-ms="97880">
    <groups>
      <group name="Sanity">
        <method signature="Inventory_Page_Test.VerifyproductslabelTest()[pri:0, instance:testcases.Inventory_Page_Test@74e28667]" name="VerifyproductslabelTest" class="testcases.Inventory_Page_Test"/>
        <method signature="Inventory_Page_Test.VerifytwitterlogoTest()[pri:0, instance:testcases.Inventory_Page_Test@74e28667]" name="VerifytwitterlogoTest" class="testcases.Inventory_Page_Test"/>
      </group> <!-- Sanity -->
      <group name="Retesting">
        <method signature="Inventory_Page_Test.Remove2products()[pri:0, instance:testcases.Inventory_Page_Test@74e28667]" name="Remove2products" class="testcases.Inventory_Page_Test"/>
        <method signature="Inventory_Page_Test.VerifytwitterlogoTest()[pri:0, instance:testcases.Inventory_Page_Test@74e28667]" name="VerifytwitterlogoTest" class="testcases.Inventory_Page_Test"/>
      </group> <!-- Retesting -->
      <group name="Regression">
        <method signature="Inventory_Page_Test.Add6products()[pri:0, instance:testcases.Inventory_Page_Test@74e28667]" name="Add6products" class="testcases.Inventory_Page_Test"/>
        <method signature="Inventory_Page_Test.Remove2products()[pri:0, instance:testcases.Inventory_Page_Test@74e28667]" name="Remove2products" class="testcases.Inventory_Page_Test"/>
      </group> <!-- Regression -->
    </groups>
    <test started-at="2023-12-30T14:57:42 IST" name="Default test" finished-at="2023-12-30T14:59:20 IST" duration-ms="97880">
      <class name="testcases.Inventory_Page_Test">
        <test-method is-config="true" signature="setup()[pri:0, instance:testcases.Inventory_Page_Test@74e28667]" started-at="2023-12-30T14:57:42 IST" name="setup" finished-at="2023-12-30T14:58:43 IST" duration-ms="61065" status="PASS">
          <reporter-output>
          </reporter-output>
        </test-method> <!-- setup -->
        <test-method signature="Add6products()[pri:0, instance:testcases.Inventory_Page_Test@74e28667]" started-at="2023-12-30T14:58:43 IST" name="Add6products" finished-at="2023-12-30T14:58:48 IST" duration-ms="5450" status="PASS">
          <reporter-output>
            <line>
              <![CDATA[Total products added to cart=6]]>
            </line>
          </reporter-output>
        </test-method> <!-- Add6products -->
        <test-method is-config="true" signature="closeBrowser()[pri:0, instance:testcases.Inventory_Page_Test@74e28667]" started-at="2023-12-30T14:58:48 IST" name="closeBrowser" finished-at="2023-12-30T14:58:49 IST" duration-ms="128" status="PASS">
          <reporter-output>
          </reporter-output>
        </test-method> <!-- closeBrowser -->
        <test-method is-config="true" signature="setup()[pri:0, instance:testcases.Inventory_Page_Test@74e28667]" started-at="2023-12-30T14:58:49 IST" name="setup" finished-at="2023-12-30T14:58:58 IST" duration-ms="9473" status="PASS">
          <reporter-output>
          </reporter-output>
        </test-method> <!-- setup -->
        <test-method signature="Remove2products()[pri:0, instance:testcases.Inventory_Page_Test@74e28667]" started-at="2023-12-30T14:58:58 IST" name="Remove2products" finished-at="2023-12-30T14:58:59 IST" duration-ms="1220" status="PASS">
          <reporter-output>
            <line>
              <![CDATA[Products removed from count=4]]>
            </line>
          </reporter-output>
        </test-method> <!-- Remove2products -->
        <test-method is-config="true" signature="closeBrowser()[pri:0, instance:testcases.Inventory_Page_Test@74e28667]" started-at="2023-12-30T14:58:59 IST" name="closeBrowser" finished-at="2023-12-30T14:59:00 IST" duration-ms="311" status="PASS">
          <reporter-output>
          </reporter-output>
        </test-method> <!-- closeBrowser -->
        <test-method is-config="true" signature="setup()[pri:0, instance:testcases.Inventory_Page_Test@74e28667]" started-at="2023-12-30T14:59:00 IST" name="setup" finished-at="2023-12-30T14:59:09 IST" duration-ms="9500" status="PASS">
          <reporter-output>
          </reporter-output>
        </test-method> <!-- setup -->
        <test-method signature="VerifyproductslabelTest()[pri:0, instance:testcases.Inventory_Page_Test@74e28667]" started-at="2023-12-30T14:59:09 IST" name="VerifyproductslabelTest" finished-at="2023-12-30T14:59:09 IST" duration-ms="74" status="PASS">
          <reporter-output>
            <line>
              <![CDATA[Label of Inventory page =Products]]>
            </line>
          </reporter-output>
        </test-method> <!-- VerifyproductslabelTest -->
        <test-method is-config="true" signature="closeBrowser()[pri:0, instance:testcases.Inventory_Page_Test@74e28667]" started-at="2023-12-30T14:59:09 IST" name="closeBrowser" finished-at="2023-12-30T14:59:10 IST" duration-ms="516" status="PASS">
          <reporter-output>
          </reporter-output>
        </test-method> <!-- closeBrowser -->
        <test-method is-config="true" signature="setup()[pri:0, instance:testcases.Inventory_Page_Test@74e28667]" started-at="2023-12-30T14:59:10 IST" name="setup" finished-at="2023-12-30T14:59:19 IST" duration-ms="9534" status="PASS">
          <reporter-output>
          </reporter-output>
        </test-method> <!-- setup -->
        <test-method signature="VerifytwitterlogoTest()[pri:0, instance:testcases.Inventory_Page_Test@74e28667]" started-at="2023-12-30T14:59:19 IST" name="VerifytwitterlogoTest" finished-at="2023-12-30T14:59:20 IST" duration-ms="316" status="PASS">
          <reporter-output>
            <line>
              <![CDATA[Visibility of twitter logo=true]]>
            </line>
            <line>
              <![CDATA[Visibility of facebook logo=true]]>
            </line>
            <line>
              <![CDATA[Visibility of LinkedInlogologo=true]]>
            </line>
          </reporter-output>
        </test-method> <!-- VerifytwitterlogoTest -->
        <test-method is-config="true" signature="closeBrowser()[pri:0, instance:testcases.Inventory_Page_Test@74e28667]" started-at="2023-12-30T14:59:20 IST" name="closeBrowser" finished-at="2023-12-30T14:59:20 IST" duration-ms="126" status="PASS">
          <reporter-output>
          </reporter-output>
        </test-method> <!-- closeBrowser -->
      </class> <!-- testcases.Inventory_Page_Test -->
    </test> <!-- Default test -->
  </suite> <!-- Default suite -->
</testng-results>
